<?xml version="1.0" encoding="UTF-8"?>
<testsuite xmlns:xsi="http://www.w3.org/2001/XMLSchema-instance" xsi:noNamespaceSchemaLocation="https://maven.apache.org/surefire/maven-surefire-plugin/xsd/surefire-test-report.xsd" name="TestSuite" time="0.93" tests="56" errors="0" skipped="55" failures="1">
  <properties>
    <property name="gopherProxySet" value="false"/>
    <property name="awt.toolkit" value="sun.lwawt.macosx.LWCToolkit"/>
    <property name="file.encoding.pkg" value="sun.io"/>
    <property name="java.specification.version" value="1.8"/>
    <property name="sun.cpu.isalist" value=""/>
    <property name="sun.jnu.encoding" value="UTF-8"/>
    <property name="java.class.path" value="/Users/asif/Desktop/AutomationFrameworks/MobileFramework/EbayApp/target/test-classes:/Users/asif/Desktop/AutomationFrameworks/MobileFramework/EbayApp/target/classes:/Users/asif/Desktop/AutomationFrameworks/MobileFramework/Generic/target/classes:/Users/asif/.m2/repository/org/testng/testng/6.9.10/testng-6.9.10.jar:/Users/asif/.m2/repository/com/beust/jcommander/1.48/jcommander-1.48.jar:/Users/asif/.m2/repository/org/beanshell/bsh/2.0b4/bsh-2.0b4.jar:/Users/asif/.m2/repository/io/appium/java-client/2.1.0/java-client-2.1.0.jar:/Users/asif/.m2/repository/com/google/code/gson/gson/2.2.4/gson-2.2.4.jar:/Users/asif/.m2/repository/org/seleniumhq/selenium/selenium-java/2.43.1/selenium-java-2.43.1.jar:/Users/asif/.m2/repository/org/seleniumhq/selenium/selenium-chrome-driver/2.43.1/selenium-chrome-driver-2.43.1.jar:/Users/asif/.m2/repository/org/seleniumhq/selenium/selenium-remote-driver/2.43.1/selenium-remote-driver-2.43.1.jar:/Users/asif/.m2/repository/cglib/cglib-nodep/2.1_3/cglib-nodep-2.1_3.jar:/Users/asif/.m2/repository/org/seleniumhq/selenium/selenium-api/2.43.1/selenium-api-2.43.1.jar:/Users/asif/.m2/repository/org/seleniumhq/selenium/selenium-htmlunit-driver/2.43.1/selenium-htmlunit-driver-2.43.1.jar:/Users/asif/.m2/repository/net/sourceforge/htmlunit/htmlunit/2.15/htmlunit-2.15.jar:/Users/asif/.m2/repository/xalan/xalan/2.7.1/xalan-2.7.1.jar:/Users/asif/.m2/repository/xalan/serializer/2.7.1/serializer-2.7.1.jar:/Users/asif/.m2/repository/commons-collections/commons-collections/3.2.1/commons-collections-3.2.1.jar:/Users/asif/.m2/repository/org/apache/commons/commons-lang3/3.3.2/commons-lang3-3.3.2.jar:/Users/asif/.m2/repository/org/apache/httpcomponents/httpmime/4.3.3/httpmime-4.3.3.jar:/Users/asif/.m2/repository/net/sourceforge/htmlunit/htmlunit-core-js/2.15/htmlunit-core-js-2.15.jar:/Users/asif/.m2/repository/xerces/xercesImpl/2.11.0/xercesImpl-2.11.0.jar:/Users/asif/.m2/repository/xml-apis/xml-apis/1.4.01/xml-apis-1.4.01.jar:/Users/asif/.m2/repository/net/sourceforge/nekohtml/nekohtml/1.9.21/nekohtml-1.9.21.jar:/Users/asif/.m2/repository/net/sourceforge/cssparser/cssparser/0.9.14/cssparser-0.9.14.jar:/Users/asif/.m2/repository/org/w3c/css/sac/1.3/sac-1.3.jar:/Users/asif/.m2/repository/org/eclipse/jetty/jetty-websocket/8.1.15.v20140411/jetty-websocket-8.1.15.v20140411.jar:/Users/asif/.m2/repository/org/eclipse/jetty/jetty-util/8.1.15.v20140411/jetty-util-8.1.15.v20140411.jar:/Users/asif/.m2/repository/org/eclipse/jetty/jetty-io/8.1.15.v20140411/jetty-io-8.1.15.v20140411.jar:/Users/asif/.m2/repository/org/eclipse/jetty/jetty-http/8.1.15.v20140411/jetty-http-8.1.15.v20140411.jar:/Users/asif/.m2/repository/org/seleniumhq/selenium/selenium-firefox-driver/2.43.1/selenium-firefox-driver-2.43.1.jar:/Users/asif/.m2/repository/commons-io/commons-io/2.4/commons-io-2.4.jar:/Users/asif/.m2/repository/org/apache/commons/commons-exec/1.1/commons-exec-1.1.jar:/Users/asif/.m2/repository/org/seleniumhq/selenium/selenium-ie-driver/2.43.1/selenium-ie-driver-2.43.1.jar:/Users/asif/.m2/repository/net/java/dev/jna/jna/3.4.0/jna-3.4.0.jar:/Users/asif/.m2/repository/net/java/dev/jna/platform/3.4.0/platform-3.4.0.jar:/Users/asif/.m2/repository/org/seleniumhq/selenium/selenium-safari-driver/2.43.1/selenium-safari-driver-2.43.1.jar:/Users/asif/.m2/repository/org/seleniumhq/selenium/selenium-support/2.43.1/selenium-support-2.43.1.jar:/Users/asif/.m2/repository/org/webbitserver/webbit/0.4.15/webbit-0.4.15.jar:/Users/asif/.m2/repository/io/netty/netty/3.5.5.Final/netty-3.5.5.Final.jar:/Users/asif/.m2/repository/junit/junit/4.11/junit-4.11.jar:/Users/asif/.m2/repository/org/hamcrest/hamcrest-core/1.3/hamcrest-core-1.3.jar:/Users/asif/.m2/repository/org/apache/httpcomponents/httpclient/4.3.3/httpclient-4.3.3.jar:/Users/asif/.m2/repository/org/apache/httpcomponents/httpcore/4.3.2/httpcore-4.3.2.jar:/Users/asif/.m2/repository/commons-logging/commons-logging/1.1.3/commons-logging-1.1.3.jar:/Users/asif/.m2/repository/commons-codec/commons-codec/1.6/commons-codec-1.6.jar:/Users/asif/.m2/repository/com/google/guava/guava/17.0/guava-17.0.jar:/Users/asif/.m2/repository/cglib/cglib/3.1/cglib-3.1.jar:/Users/asif/.m2/repository/org/ow2/asm/asm/4.2/asm-4.2.jar:/Users/asif/.m2/repository/org/json/json/20160212/json-20160212.jar:/Users/asif/.m2/repository/com/googlecode/json-simple/json-simple/1.1.1/json-simple-1.1.1.jar:/Users/asif/.m2/repository/org/apache/maven/surefire/common-java5/2.16/common-java5-2.16.jar:/Users/asif/.m2/repository/org/apache/maven/surefire/surefire-api/2.16/surefire-api-2.16.jar:/Users/asif/.m2/repository/org/jsoup/jsoup/1.8.3/jsoup-1.8.3.jar:/Users/asif/.m2/repository/com/relevantcodes/extentreports/2.41.1/extentreports-2.41.1.jar:/Users/asif/.m2/repository/org/xerial/sqlite-jdbc/3.8.11.1/sqlite-jdbc-3.8.11.1.jar:/Users/asif/.m2/repository/org/freemarker/freemarker/2.3.23/freemarker-2.3.23.jar:/Users/asif/.m2/repository/org/mongodb/mongodb-driver/3.0.4/mongodb-driver-3.0.4.jar:/Users/asif/.m2/repository/org/mongodb/bson/3.0.4/bson-3.0.4.jar:/Users/asif/.m2/repository/org/mongodb/mongodb-driver-core/3.0.4/mongodb-driver-core-3.0.4.jar:/Users/asif/.m2/repository/commons-lang/commons-lang/2.6/commons-lang-2.6.jar:/Users/asif/.m2/repository/org/apache/maven/surefire/surefire-testng-utils/2.20.1/surefire-testng-utils-2.20.1.jar:/Users/asif/.m2/repository/org/apache/maven/surefire/surefire-grouper/2.20.1/surefire-grouper-2.20.1.jar:"/>
    <property name="java.vm.vendor" value="Oracle Corporation"/>
    <property name="sun.arch.data.model" value="64"/>
    <property name="java.vendor.url" value="http://java.oracle.com/"/>
    <property name="user.timezone" value=""/>
    <property name="java.vm.specification.version" value="1.8"/>
    <property name="os.name" value="Mac OS X"/>
    <property name="user.country" value="US"/>
    <property name="sun.java.launcher" value="SUN_STANDARD"/>
    <property name="sun.boot.library.path" value="/Library/Java/JavaVirtualMachines/jdk1.8.0_192.jdk/Contents/Home/jre/lib"/>
    <property name="sun.java.command" value="/Users/asif/Desktop/AutomationFrameworks/MobileFramework/EbayApp/target/surefire/surefirebooter8145942713794138540.jar /Users/asif/Desktop/AutomationFrameworks/MobileFramework/EbayApp/target/surefire 2019-02-05T19-32-57_372-jvmRun1 surefire5161252452208188579tmp surefire_04621687271172266043tmp"/>
    <property name="http.nonProxyHosts" value="local|*.local|169.254/16|*.169.254/16"/>
    <property name="surefire.test.class.path" value="/Users/asif/Desktop/AutomationFrameworks/MobileFramework/EbayApp/target/test-classes:/Users/asif/Desktop/AutomationFrameworks/MobileFramework/EbayApp/target/classes:/Users/asif/Desktop/AutomationFrameworks/MobileFramework/Generic/target/classes:/Users/asif/.m2/repository/org/testng/testng/6.9.10/testng-6.9.10.jar:/Users/asif/.m2/repository/com/beust/jcommander/1.48/jcommander-1.48.jar:/Users/asif/.m2/repository/org/beanshell/bsh/2.0b4/bsh-2.0b4.jar:/Users/asif/.m2/repository/io/appium/java-client/2.1.0/java-client-2.1.0.jar:/Users/asif/.m2/repository/com/google/code/gson/gson/2.2.4/gson-2.2.4.jar:/Users/asif/.m2/repository/org/seleniumhq/selenium/selenium-java/2.43.1/selenium-java-2.43.1.jar:/Users/asif/.m2/repository/org/seleniumhq/selenium/selenium-chrome-driver/2.43.1/selenium-chrome-driver-2.43.1.jar:/Users/asif/.m2/repository/org/seleniumhq/selenium/selenium-remote-driver/2.43.1/selenium-remote-driver-2.43.1.jar:/Users/asif/.m2/repository/cglib/cglib-nodep/2.1_3/cglib-nodep-2.1_3.jar:/Users/asif/.m2/repository/org/seleniumhq/selenium/selenium-api/2.43.1/selenium-api-2.43.1.jar:/Users/asif/.m2/repository/org/seleniumhq/selenium/selenium-htmlunit-driver/2.43.1/selenium-htmlunit-driver-2.43.1.jar:/Users/asif/.m2/repository/net/sourceforge/htmlunit/htmlunit/2.15/htmlunit-2.15.jar:/Users/asif/.m2/repository/xalan/xalan/2.7.1/xalan-2.7.1.jar:/Users/asif/.m2/repository/xalan/serializer/2.7.1/serializer-2.7.1.jar:/Users/asif/.m2/repository/commons-collections/commons-collections/3.2.1/commons-collections-3.2.1.jar:/Users/asif/.m2/repository/org/apache/commons/commons-lang3/3.3.2/commons-lang3-3.3.2.jar:/Users/asif/.m2/repository/org/apache/httpcomponents/httpmime/4.3.3/httpmime-4.3.3.jar:/Users/asif/.m2/repository/net/sourceforge/htmlunit/htmlunit-core-js/2.15/htmlunit-core-js-2.15.jar:/Users/asif/.m2/repository/xerces/xercesImpl/2.11.0/xercesImpl-2.11.0.jar:/Users/asif/.m2/repository/xml-apis/xml-apis/1.4.01/xml-apis-1.4.01.jar:/Users/asif/.m2/repository/net/sourceforge/nekohtml/nekohtml/1.9.21/nekohtml-1.9.21.jar:/Users/asif/.m2/repository/net/sourceforge/cssparser/cssparser/0.9.14/cssparser-0.9.14.jar:/Users/asif/.m2/repository/org/w3c/css/sac/1.3/sac-1.3.jar:/Users/asif/.m2/repository/org/eclipse/jetty/jetty-websocket/8.1.15.v20140411/jetty-websocket-8.1.15.v20140411.jar:/Users/asif/.m2/repository/org/eclipse/jetty/jetty-util/8.1.15.v20140411/jetty-util-8.1.15.v20140411.jar:/Users/asif/.m2/repository/org/eclipse/jetty/jetty-io/8.1.15.v20140411/jetty-io-8.1.15.v20140411.jar:/Users/asif/.m2/repository/org/eclipse/jetty/jetty-http/8.1.15.v20140411/jetty-http-8.1.15.v20140411.jar:/Users/asif/.m2/repository/org/seleniumhq/selenium/selenium-firefox-driver/2.43.1/selenium-firefox-driver-2.43.1.jar:/Users/asif/.m2/repository/commons-io/commons-io/2.4/commons-io-2.4.jar:/Users/asif/.m2/repository/org/apache/commons/commons-exec/1.1/commons-exec-1.1.jar:/Users/asif/.m2/repository/org/seleniumhq/selenium/selenium-ie-driver/2.43.1/selenium-ie-driver-2.43.1.jar:/Users/asif/.m2/repository/net/java/dev/jna/jna/3.4.0/jna-3.4.0.jar:/Users/asif/.m2/repository/net/java/dev/jna/platform/3.4.0/platform-3.4.0.jar:/Users/asif/.m2/repository/org/seleniumhq/selenium/selenium-safari-driver/2.43.1/selenium-safari-driver-2.43.1.jar:/Users/asif/.m2/repository/org/seleniumhq/selenium/selenium-support/2.43.1/selenium-support-2.43.1.jar:/Users/asif/.m2/repository/org/webbitserver/webbit/0.4.15/webbit-0.4.15.jar:/Users/asif/.m2/repository/io/netty/netty/3.5.5.Final/netty-3.5.5.Final.jar:/Users/asif/.m2/repository/junit/junit/4.11/junit-4.11.jar:/Users/asif/.m2/repository/org/hamcrest/hamcrest-core/1.3/hamcrest-core-1.3.jar:/Users/asif/.m2/repository/org/apache/httpcomponents/httpclient/4.3.3/httpclient-4.3.3.jar:/Users/asif/.m2/repository/org/apache/httpcomponents/httpcore/4.3.2/httpcore-4.3.2.jar:/Users/asif/.m2/repository/commons-logging/commons-logging/1.1.3/commons-logging-1.1.3.jar:/Users/asif/.m2/repository/commons-codec/commons-codec/1.6/commons-codec-1.6.jar:/Users/asif/.m2/repository/com/google/guava/guava/17.0/guava-17.0.jar:/Users/asif/.m2/repository/cglib/cglib/3.1/cglib-3.1.jar:/Users/asif/.m2/repository/org/ow2/asm/asm/4.2/asm-4.2.jar:/Users/asif/.m2/repository/org/json/json/20160212/json-20160212.jar:/Users/asif/.m2/repository/com/googlecode/json-simple/json-simple/1.1.1/json-simple-1.1.1.jar:/Users/asif/.m2/repository/org/apache/maven/surefire/common-java5/2.16/common-java5-2.16.jar:/Users/asif/.m2/repository/org/apache/maven/surefire/surefire-api/2.16/surefire-api-2.16.jar:/Users/asif/.m2/repository/org/jsoup/jsoup/1.8.3/jsoup-1.8.3.jar:/Users/asif/.m2/repository/com/relevantcodes/extentreports/2.41.1/extentreports-2.41.1.jar:/Users/asif/.m2/repository/org/xerial/sqlite-jdbc/3.8.11.1/sqlite-jdbc-3.8.11.1.jar:/Users/asif/.m2/repository/org/freemarker/freemarker/2.3.23/freemarker-2.3.23.jar:/Users/asif/.m2/repository/org/mongodb/mongodb-driver/3.0.4/mongodb-driver-3.0.4.jar:/Users/asif/.m2/repository/org/mongodb/bson/3.0.4/bson-3.0.4.jar:/Users/asif/.m2/repository/org/mongodb/mongodb-driver-core/3.0.4/mongodb-driver-core-3.0.4.jar:/Users/asif/.m2/repository/commons-lang/commons-lang/2.6/commons-lang-2.6.jar:/Users/asif/.m2/repository/org/apache/maven/surefire/surefire-testng-utils/2.20.1/surefire-testng-utils-2.20.1.jar:/Users/asif/.m2/repository/org/apache/maven/surefire/surefire-grouper/2.20.1/surefire-grouper-2.20.1.jar:"/>
    <property name="sun.cpu.endian" value="little"/>
    <property name="user.home" value="/Users/asif"/>
    <property name="user.language" value="en"/>
    <property name="java.specification.vendor" value="Oracle Corporation"/>
    <property name="java.home" value="/Library/Java/JavaVirtualMachines/jdk1.8.0_192.jdk/Contents/Home/jre"/>
    <property name="basedir" value="/Users/asif/Desktop/AutomationFrameworks/MobileFramework/EbayApp"/>
    <property name="file.separator" value="/"/>
    <property name="line.separator" value="&#10;"/>
    <property name="java.vm.specification.vendor" value="Oracle Corporation"/>
    <property name="java.specification.name" value="Java Platform API Specification"/>
    <property name="java.awt.graphicsenv" value="sun.awt.CGraphicsEnvironment"/>
    <property name="surefire.real.class.path" value="/Users/asif/Desktop/AutomationFrameworks/MobileFramework/EbayApp/target/surefire/surefirebooter8145942713794138540.jar"/>
    <property name="sun.boot.class.path" value="/Library/Java/JavaVirtualMachines/jdk1.8.0_192.jdk/Contents/Home/jre/lib/resources.jar:/Library/Java/JavaVirtualMachines/jdk1.8.0_192.jdk/Contents/Home/jre/lib/rt.jar:/Library/Java/JavaVirtualMachines/jdk1.8.0_192.jdk/Contents/Home/jre/lib/sunrsasign.jar:/Library/Java/JavaVirtualMachines/jdk1.8.0_192.jdk/Contents/Home/jre/lib/jsse.jar:/Library/Java/JavaVirtualMachines/jdk1.8.0_192.jdk/Contents/Home/jre/lib/jce.jar:/Library/Java/JavaVirtualMachines/jdk1.8.0_192.jdk/Contents/Home/jre/lib/charsets.jar:/Library/Java/JavaVirtualMachines/jdk1.8.0_192.jdk/Contents/Home/jre/lib/jfr.jar:/Library/Java/JavaVirtualMachines/jdk1.8.0_192.jdk/Contents/Home/jre/classes"/>
    <property name="sun.management.compiler" value="HotSpot 64-Bit Tiered Compilers"/>
    <property name="ftp.nonProxyHosts" value="local|*.local|169.254/16|*.169.254/16"/>
    <property name="java.runtime.version" value="1.8.0_192-b12"/>
    <property name="user.name" value="asif"/>
    <property name="path.separator" value=":"/>
    <property name="os.version" value="10.14"/>
    <property name="java.endorsed.dirs" value="/Library/Java/JavaVirtualMachines/jdk1.8.0_192.jdk/Contents/Home/jre/lib/endorsed"/>
    <property name="java.runtime.name" value="Java(TM) SE Runtime Environment"/>
    <property name="file.encoding" value="UTF-8"/>
    <property name="java.vm.name" value="Java HotSpot(TM) 64-Bit Server VM"/>
    <property name="localRepository" value="/Users/asif/.m2/repository"/>
    <property name="java.vendor.url.bug" value="http://bugreport.sun.com/bugreport/"/>
    <property name="java.io.tmpdir" value="/var/folders/bk/n1g2yh8s0093m33j67lhtsn80000gn/T/"/>
    <property name="java.version" value="1.8.0_192"/>
    <property name="user.dir" value="/Users/asif/Desktop/AutomationFrameworks/MobileFramework/EbayApp"/>
    <property name="os.arch" value="x86_64"/>
    <property name="java.vm.specification.name" value="Java Virtual Machine Specification"/>
    <property name="java.awt.printerjob" value="sun.lwawt.macosx.CPrinterJob"/>
    <property name="sun.os.patch.level" value="unknown"/>
    <property name="java.library.path" value="/Users/asif/Library/Java/Extensions:/Library/Java/Extensions:/Network/Library/Java/Extensions:/System/Library/Java/Extensions:/usr/lib/java:."/>
    <property name="java.vm.info" value="mixed mode"/>
    <property name="java.vendor" value="Oracle Corporation"/>
    <property name="java.vm.version" value="25.192-b12"/>
    <property name="java.ext.dirs" value="/Users/asif/Library/Java/Extensions:/Library/Java/JavaVirtualMachines/jdk1.8.0_192.jdk/Contents/Home/jre/lib/ext:/Library/Java/Extensions:/Network/Library/Java/Extensions:/System/Library/Java/Extensions:/usr/lib/java"/>
    <property name="sun.io.unicode.encoding" value="UnicodeBig"/>
    <property name="java.class.version" value="52.0"/>
    <property name="socksNonProxyHosts" value="local|*.local|169.254/16|*.169.254/16"/>
  </properties>
  <testcase name="setUp" classname="testCases.EbayHomeTest" time="0.84">
    <failure message="Could not start a new session. Possible causes are invalid address of the remote server or browser start-up failure.&#10;Build info: version: &apos;2.43.1&apos;, revision: &apos;5163bceef1bc36d43f3dc0b83c88998168a363a0&apos;, time: &apos;2014-09-10 09:43:55&apos;&#10;System info: host: &apos;Asifs-MacBook-Pro.local&apos;, ip: &apos;10.11.11.103&apos;, os.name: &apos;Mac OS X&apos;, os.arch: &apos;x86_64&apos;, os.version: &apos;10.14&apos;, java.version: &apos;1.8.0_192&apos;&#10;Driver info: driver.version: AndroidDriver" type="org.openqa.selenium.remote.UnreachableBrowserException"><![CDATA[org.openqa.selenium.remote.UnreachableBrowserException: Could not start a new session. Possible causes are invalid address of the remote server or browser start-up failure.
Build info: version: '2.43.1', revision: '5163bceef1bc36d43f3dc0b83c88998168a363a0', time: '2014-09-10 09:43:55'
System info: host: 'Asifs-MacBook-Pro.local', ip: '10.11.11.103', os.name: 'Mac OS X', os.arch: 'x86_64', os.version: '10.14', java.version: '1.8.0_192'
Driver info: driver.version: AndroidDriver
	at org.openqa.selenium.remote.RemoteWebDriver.execute(RemoteWebDriver.java:593)
	at io.appium.java_client.AppiumDriver.execute(AppiumDriver.java:180)
	at org.openqa.selenium.remote.RemoteWebDriver.startSession(RemoteWebDriver.java:240)
	at org.openqa.selenium.remote.RemoteWebDriver.<init>(RemoteWebDriver.java:126)
	at org.openqa.selenium.remote.RemoteWebDriver.<init>(RemoteWebDriver.java:153)
	at io.appium.java_client.AppiumDriver.<init>(AppiumDriver.java:109)
	at io.appium.java_client.android.AndroidDriver.<init>(AndroidDriver.java:39)
	at base.MobileAPI.setUpAndroidEnv(MobileAPI.java:225)
	at base.MobileAPI.setUp(MobileAPI.java:159)
	at sun.reflect.NativeMethodAccessorImpl.invoke0(Native Method)
	at sun.reflect.NativeMethodAccessorImpl.invoke(NativeMethodAccessorImpl.java:62)
	at sun.reflect.DelegatingMethodAccessorImpl.invoke(DelegatingMethodAccessorImpl.java:43)
	at java.lang.reflect.Method.invoke(Method.java:498)
	at org.testng.internal.MethodInvocationHelper.invokeMethod(MethodInvocationHelper.java:86)
	at org.testng.internal.Invoker.invokeConfigurationMethod(Invoker.java:514)
	at org.testng.internal.Invoker.invokeConfigurations(Invoker.java:215)
	at org.testng.internal.Invoker.invokeMethod(Invoker.java:589)
	at org.testng.internal.Invoker.invokeTestMethod(Invoker.java:820)
	at org.testng.internal.Invoker.invokeTestMethods(Invoker.java:1128)
	at org.testng.internal.TestMethodWorker.invokeTestMethods(TestMethodWorker.java:129)
	at org.testng.internal.TestMethodWorker.run(TestMethodWorker.java:112)
	at org.testng.TestRunner.privateRun(TestRunner.java:782)
	at org.testng.TestRunner.run(TestRunner.java:632)
	at org.testng.SuiteRunner.runTest(SuiteRunner.java:366)
	at org.testng.SuiteRunner.runSequentially(SuiteRunner.java:361)
	at org.testng.SuiteRunner.privateRun(SuiteRunner.java:319)
	at org.testng.SuiteRunner.run(SuiteRunner.java:268)
	at org.testng.SuiteRunnerWorker.runSuite(SuiteRunnerWorker.java:52)
	at org.testng.SuiteRunnerWorker.run(SuiteRunnerWorker.java:86)
	at org.testng.TestNG.runSuitesSequentially(TestNG.java:1244)
	at org.testng.TestNG.runSuitesLocally(TestNG.java:1169)
	at org.testng.TestNG.run(TestNG.java:1064)
	at org.apache.maven.surefire.testng.TestNGExecutor.run(TestNGExecutor.java:283)
	at org.apache.maven.surefire.testng.TestNGXmlTestSuite.execute(TestNGXmlTestSuite.java:75)
	at org.apache.maven.surefire.testng.TestNGProvider.invoke(TestNGProvider.java:120)
	at org.apache.maven.surefire.booter.ForkedBooter.invokeProviderInSameClassLoader(ForkedBooter.java:373)
	at org.apache.maven.surefire.booter.ForkedBooter.runSuitesInProcess(ForkedBooter.java:334)
	at org.apache.maven.surefire.booter.ForkedBooter.execute(ForkedBooter.java:119)
	at org.apache.maven.surefire.booter.ForkedBooter.main(ForkedBooter.java:407)
Caused by: org.apache.http.conn.HttpHostConnectException: Connect to 127.0.0.1:4723 [/127.0.0.1] failed: Connection refused (Connection refused)
	at org.apache.http.impl.conn.HttpClientConnectionOperator.connect(HttpClientConnectionOperator.java:140)
	at org.apache.http.impl.conn.PoolingHttpClientConnectionManager.connect(PoolingHttpClientConnectionManager.java:314)
	at org.apache.http.impl.execchain.MainClientExec.establishRoute(MainClientExec.java:363)
	at org.apache.http.impl.execchain.MainClientExec.execute(MainClientExec.java:219)
	at org.apache.http.impl.execchain.ProtocolExec.execute(ProtocolExec.java:195)
	at org.apache.http.impl.execchain.RetryExec.execute(RetryExec.java:86)
	at org.apache.http.impl.execchain.RedirectExec.execute(RedirectExec.java:108)
	at org.apache.http.impl.client.InternalHttpClient.doExecute(InternalHttpClient.java:186)
	at org.apache.http.impl.client.CloseableHttpClient.execute(CloseableHttpClient.java:72)
	at org.apache.http.impl.client.CloseableHttpClient.execute(CloseableHttpClient.java:57)
	at org.openqa.selenium.remote.HttpCommandExecutor.fallBackExecute(HttpCommandExecutor.java:215)
	at org.openqa.selenium.remote.HttpCommandExecutor.execute(HttpCommandExecutor.java:184)
	at org.openqa.selenium.remote.RemoteWebDriver.execute(RemoteWebDriver.java:572)
	at io.appium.java_client.AppiumDriver.execute(AppiumDriver.java:180)
	at org.openqa.selenium.remote.RemoteWebDriver.startSession(RemoteWebDriver.java:240)
	at org.openqa.selenium.remote.RemoteWebDriver.<init>(RemoteWebDriver.java:126)
	at org.openqa.selenium.remote.RemoteWebDriver.<init>(RemoteWebDriver.java:153)
	at io.appium.java_client.AppiumDriver.<init>(AppiumDriver.java:109)
	at io.appium.java_client.android.AndroidDriver.<init>(AndroidDriver.java:39)
	at base.MobileAPI.setUpAndroidEnv(MobileAPI.java:225)
	at base.MobileAPI.setUp(MobileAPI.java:159)
	at sun.reflect.NativeMethodAccessorImpl.invoke0(Native Method)
	at sun.reflect.NativeMethodAccessorImpl.invoke(NativeMethodAccessorImpl.java:62)
	at sun.reflect.DelegatingMethodAccessorImpl.invoke(DelegatingMethodAccessorImpl.java:43)
	at java.lang.reflect.Method.invoke(Method.java:498)
	at org.testng.internal.MethodInvocationHelper.invokeMethod(MethodInvocationHelper.java:86)
	at org.testng.internal.Invoker.invokeConfigurationMethod(Invoker.java:514)
	at org.testng.internal.Invoker.invokeConfigurations(Invoker.java:215)
	at org.testng.internal.Invoker.invokeMethod(Invoker.java:589)
	at org.testng.internal.Invoker.invokeTestMethod(Invoker.java:820)
	at org.testng.internal.Invoker.invokeTestMethods(Invoker.java:1128)
	at org.testng.internal.TestMethodWorker.invokeTestMethods(TestMethodWorker.java:129)
	at org.testng.internal.TestMethodWorker.run(TestMethodWorker.java:112)
	at org.testng.TestRunner.privateRun(TestRunner.java:782)
	at org.testng.TestRunner.run(TestRunner.java:632)
	at org.testng.SuiteRunner.runTest(SuiteRunner.java:366)
	at org.testng.SuiteRunner.runSequentially(SuiteRunner.java:361)
	at org.testng.SuiteRunner.privateRun(SuiteRunner.java:319)
	at org.testng.SuiteRunner.run(SuiteRunner.java:268)
	at org.testng.SuiteRunnerWorker.runSuite(SuiteRunnerWorker.java:52)
	at org.testng.SuiteRunnerWorker.run(SuiteRunnerWorker.java:86)
	at org.testng.TestNG.runSuitesSequentially(TestNG.java:1244)
	at org.testng.TestNG.runSuitesLocally(TestNG.java:1169)
	at org.testng.TestNG.run(TestNG.java:1064)
	at org.apache.maven.surefire.testng.TestNGExecutor.run(TestNGExecutor.java:283)
	at org.apache.maven.surefire.testng.TestNGXmlTestSuite.execute(TestNGXmlTestSuite.java:75)
	at org.apache.maven.surefire.testng.TestNGProvider.invoke(TestNGProvider.java:120)
	at org.apache.maven.surefire.booter.ForkedBooter.invokeProviderInSameClassLoader(ForkedBooter.java:373)
	at org.apache.maven.surefire.booter.ForkedBooter.runSuitesInProcess(ForkedBooter.java:334)
	at org.apache.maven.surefire.booter.ForkedBooter.execute(ForkedBooter.java:119)
	at org.apache.maven.surefire.booter.ForkedBooter.main(ForkedBooter.java:407)
Caused by: java.net.ConnectException: Connection refused (Connection refused)
	at java.net.PlainSocketImpl.socketConnect(Native Method)
	at java.net.AbstractPlainSocketImpl.doConnect(AbstractPlainSocketImpl.java:350)
	at java.net.AbstractPlainSocketImpl.connectToAddress(AbstractPlainSocketImpl.java:206)
	at java.net.AbstractPlainSocketImpl.connect(AbstractPlainSocketImpl.java:188)
	at java.net.SocksSocketImpl.connect(SocksSocketImpl.java:392)
	at java.net.Socket.connect(Socket.java:589)
	at org.apache.http.conn.socket.PlainConnectionSocketFactory.connectSocket(PlainConnectionSocketFactory.java:72)
	at org.apache.http.impl.conn.HttpClientConnectionOperator.connect(HttpClientConnectionOperator.java:117)
	at org.apache.http.impl.conn.PoolingHttpClientConnectionManager.connect(PoolingHttpClientConnectionManager.java:314)
	at org.apache.http.impl.execchain.MainClientExec.establishRoute(MainClientExec.java:363)
	at org.apache.http.impl.execchain.MainClientExec.execute(MainClientExec.java:219)
	at org.apache.http.impl.execchain.ProtocolExec.execute(ProtocolExec.java:195)
	at org.apache.http.impl.execchain.RetryExec.execute(RetryExec.java:86)
	at org.apache.http.impl.execchain.RedirectExec.execute(RedirectExec.java:108)
	at org.apache.http.impl.client.InternalHttpClient.doExecute(InternalHttpClient.java:186)
	at org.apache.http.impl.client.CloseableHttpClient.execute(CloseableHttpClient.java:72)
	at org.apache.http.impl.client.CloseableHttpClient.execute(CloseableHttpClient.java:57)
	at org.openqa.selenium.remote.HttpCommandExecutor.fallBackExecute(HttpCommandExecutor.java:215)
	at org.openqa.selenium.remote.HttpCommandExecutor.execute(HttpCommandExecutor.java:184)
	at org.openqa.selenium.remote.RemoteWebDriver.execute(RemoteWebDriver.java:572)
	at io.appium.java_client.AppiumDriver.execute(AppiumDriver.java:180)
	at org.openqa.selenium.remote.RemoteWebDriver.startSession(RemoteWebDriver.java:240)
	at org.openqa.selenium.remote.RemoteWebDriver.<init>(RemoteWebDriver.java:126)
	at org.openqa.selenium.remote.RemoteWebDriver.<init>(RemoteWebDriver.java:153)
	at io.appium.java_client.AppiumDriver.<init>(AppiumDriver.java:109)
	at io.appium.java_client.android.AndroidDriver.<init>(AndroidDriver.java:39)
	at base.MobileAPI.setUpAndroidEnv(MobileAPI.java:225)
	at base.MobileAPI.setUp(MobileAPI.java:159)
	at sun.reflect.NativeMethodAccessorImpl.invoke0(Native Method)
	at sun.reflect.NativeMethodAccessorImpl.invoke(NativeMethodAccessorImpl.java:62)
	at sun.reflect.DelegatingMethodAccessorImpl.invoke(DelegatingMethodAccessorImpl.java:43)
	at java.lang.reflect.Method.invoke(Method.java:498)
	at org.testng.internal.MethodInvocationHelper.invokeMethod(MethodInvocationHelper.java:86)
	at org.testng.internal.Invoker.invokeConfigurationMethod(Invoker.java:514)
	at org.testng.internal.Invoker.invokeConfigurations(Invoker.java:215)
	at org.testng.internal.Invoker.invokeMethod(Invoker.java:589)
	at org.testng.internal.Invoker.invokeTestMethod(Invoker.java:820)
	at org.testng.internal.Invoker.invokeTestMethods(Invoker.java:1128)
	at org.testng.internal.TestMethodWorker.invokeTestMethods(TestMethodWorker.java:129)
	at org.testng.internal.TestMethodWorker.run(TestMethodWorker.java:112)
	at org.testng.TestRunner.privateRun(TestRunner.java:782)
	at org.testng.TestRunner.run(TestRunner.java:632)
	at org.testng.SuiteRunner.runTest(SuiteRunner.java:366)
	at org.testng.SuiteRunner.runSequentially(SuiteRunner.java:361)
	at org.testng.SuiteRunner.privateRun(SuiteRunner.java:319)
	at org.testng.SuiteRunner.run(SuiteRunner.java:268)
	at org.testng.SuiteRunnerWorker.runSuite(SuiteRunnerWorker.java:52)
	at org.testng.SuiteRunnerWorker.run(SuiteRunnerWorker.java:86)
	at org.testng.TestNG.runSuitesSequentially(TestNG.java:1244)
	at org.testng.TestNG.runSuitesLocally(TestNG.java:1169)
	at org.testng.TestNG.run(TestNG.java:1064)
	at org.apache.maven.surefire.testng.TestNGExecutor.run(TestNGExecutor.java:283)
	at org.apache.maven.surefire.testng.TestNGXmlTestSuite.execute(TestNGXmlTestSuite.java:75)
	at org.apache.maven.surefire.testng.TestNGProvider.invoke(TestNGProvider.java:120)
	at org.apache.maven.surefire.booter.ForkedBooter.invokeProviderInSameClassLoader(ForkedBooter.java:373)
	at org.apache.maven.surefire.booter.ForkedBooter.runSuitesInProcess(ForkedBooter.java:334)
	at org.apache.maven.surefire.booter.ForkedBooter.execute(ForkedBooter.java:119)
	at org.apache.maven.surefire.booter.ForkedBooter.main(ForkedBooter.java:407)
]]></failure>
    <system-out><![CDATA[Extent Report directory: /Users/asif/Desktop/AutomationFrameworks/MobileFramework/EbayApp/target/surefire-reports/html
]]></system-out>
    <system-err><![CDATA[Feb 05, 2019 7:32:58 PM com.relevantcodes.extentreports.ExtentReports loadConfig
WARNING: Unable to perform report configuration. The file /Users/asif/Desktop/AutomationFrameworks/MobileFramework/EbayApp/report-config.xml was not found.
]]></system-err>
  </testcase>
  <testcase name="setUp" classname="testCases.EbayHomeTest" time="0">
    <skipped/>
  </testcase>
  <testcase name="setUp" classname="testCases.EbayHomeTest" time="0">
    <skipped/>
  </testcase>
  <testcase name="setUp" classname="testCases.EbayHomeTest" time="0">
    <skipped/>
  </testcase>
  <testcase name="setUp" classname="testCases.EbayHomeTest" time="0">
    <skipped/>
  </testcase>
  <testcase name="setUp" classname="testCases.EbayHomeTest" time="0">
    <skipped/>
  </testcase>
  <testcase name="startExtent" classname="testCases.EbayHomeTest" time="0">
    <skipped/>
  </testcase>
  <testcase name="startExtent" classname="testCases.EbayHomeTest" time="0">
    <skipped/>
  </testcase>
  <testcase name="startExtent" classname="testCases.EbayHomeTest" time="0">
    <skipped/>
  </testcase>
  <testcase name="startExtent" classname="testCases.EbayHomeTest" time="0">
    <skipped/>
  </testcase>
  <testcase name="startExtent" classname="testCases.EbayHomeTest" time="0">
    <skipped/>
  </testcase>
  <testcase name="startExtent" classname="testCases.EbayHomeTest" time="0">
    <skipped/>
  </testcase>
  <testcase name="inIt" classname="testCases.EbayHomeTest" time="0">
    <skipped/>
  </testcase>
  <testcase name="inIt" classname="testCases.EbayHomeTest" time="0">
    <skipped/>
  </testcase>
  <testcase name="inIt" classname="testCases.EbayHomeTest" time="0">
    <skipped/>
  </testcase>
  <testcase name="inIt" classname="testCases.EbayHomeTest" time="0">
    <skipped/>
  </testcase>
  <testcase name="inIt" classname="testCases.EbayHomeTest" time="0">
    <skipped/>
  </testcase>
  <testcase name="inIt" classname="testCases.EbayHomeTest" time="0">
    <skipped/>
  </testcase>
  <testcase name="categoryTest" classname="testCases.EbayHomeTest" time="0">
    <skipped/>
  </testcase>
  <testcase name="afterEachTestMethod" classname="testCases.EbayHomeTest" time="0">
    <skipped/>
  </testcase>
  <testcase name="afterEachTestMethod" classname="testCases.EbayHomeTest" time="0">
    <skipped/>
  </testcase>
  <testcase name="afterEachTestMethod" classname="testCases.EbayHomeTest" time="0">
    <skipped/>
  </testcase>
  <testcase name="afterEachTestMethod" classname="testCases.EbayHomeTest" time="0">
    <skipped/>
  </testcase>
  <testcase name="afterEachTestMethod" classname="testCases.EbayHomeTest" time="0">
    <skipped/>
  </testcase>
  <testcase name="afterEachTestMethod" classname="testCases.EbayHomeTest" time="0">
    <skipped/>
  </testcase>
  <testcase name="cricTest" classname="testCases.EbayHomeTest" time="0">
    <skipped/>
  </testcase>
  <testcase name="ebayLogoTest" classname="testCases.EbayHomeTest" time="0">
    <skipped/>
  </testcase>
  <testcase name="homeTest" classname="testCases.EbayHomeTest" time="0">
    <skipped/>
  </testcase>
  <testcase name="saleTextTest" classname="testCases.EbayHomeTest" time="0">
    <skipped/>
  </testcase>
  <testcase name="tendingTest" classname="testCases.EbayHomeTest" time="0">
    <skipped/>
  </testcase>
  <testcase name="setUp" classname="testCases.EbayBatPageTest" time="0">
    <skipped/>
  </testcase>
  <testcase name="setUp" classname="testCases.EbayBatPageTest" time="0">
    <skipped/>
  </testcase>
  <testcase name="setUp" classname="testCases.EbayBatPageTest" time="0">
    <skipped/>
  </testcase>
  <testcase name="setUp" classname="testCases.EbayBatPageTest" time="0">
    <skipped/>
  </testcase>
  <testcase name="startExtent" classname="testCases.EbayBatPageTest" time="0">
    <skipped/>
  </testcase>
  <testcase name="startExtent" classname="testCases.EbayBatPageTest" time="0">
    <skipped/>
  </testcase>
  <testcase name="startExtent" classname="testCases.EbayBatPageTest" time="0">
    <skipped/>
  </testcase>
  <testcase name="startExtent" classname="testCases.EbayBatPageTest" time="0">
    <skipped/>
  </testcase>
  <testcase name="inIt" classname="testCases.EbayBatPageTest" time="0">
    <skipped/>
  </testcase>
  <testcase name="inIt" classname="testCases.EbayBatPageTest" time="0">
    <skipped/>
  </testcase>
  <testcase name="inIt" classname="testCases.EbayBatPageTest" time="0">
    <skipped/>
  </testcase>
  <testcase name="inIt" classname="testCases.EbayBatPageTest" time="0">
    <skipped/>
  </testcase>
  <testcase name="cartTest" classname="testCases.EbayBatPageTest" time="0">
    <skipped/>
  </testcase>
  <testcase name="afterEachTestMethod" classname="testCases.EbayBatPageTest" time="0">
    <skipped/>
  </testcase>
  <testcase name="afterEachTestMethod" classname="testCases.EbayBatPageTest" time="0">
    <skipped/>
  </testcase>
  <testcase name="afterEachTestMethod" classname="testCases.EbayBatPageTest" time="0">
    <skipped/>
  </testcase>
  <testcase name="afterEachTestMethod" classname="testCases.EbayBatPageTest" time="0">
    <skipped/>
  </testcase>
  <testcase name="filtertest" classname="testCases.EbayBatPageTest" time="0">
    <skipped/>
  </testcase>
  <testcase name="imageSearchTest" classname="testCases.EbayBatPageTest" time="0">
    <skipped/>
  </testcase>
  <testcase name="sortTest" classname="testCases.EbayBatPageTest" time="0">
    <skipped/>
  </testcase>
  <testcase name="setUp" classname="testCases.EbaySignInpageTest" time="0">
    <skipped/>
  </testcase>
  <testcase name="startExtent" classname="testCases.EbaySignInpageTest" time="0">
    <skipped/>
  </testcase>
  <testcase name="inIt" classname="testCases.EbaySignInpageTest" time="0">
    <skipped/>
  </testcase>
  <testcase name="signInTest" classname="testCases.EbaySignInpageTest" time="0">
    <skipped/>
  </testcase>
  <testcase name="afterEachTestMethod" classname="testCases.EbaySignInpageTest" time="0">
    <skipped/>
  </testcase>
  <testcase name="generateReport" classname="testCases.EbayHomeTest" time="0">
    <skipped/>
  </testcase>
</testsuite>